[31m❌ Fetch error for haverri_sp : timeout of 10000ms exceeded[0m
[31m❌ Fetch error for haverri_sp : getaddrinfo ENOTFOUND www.tiktok.com[0m
[31m❌ Fetch error for kozak696990 : getaddrinfo ENOTFOUND www.tiktok.com[0m
[31m❌ Fetch error for itskingmafia : getaddrinfo ENOTFOUND www.tiktok.com[0m
[31m❌ Fetch error for cashmoneyotr : getaddrinfo ENOTFOUND www.tiktok.com[0m
[31m❌ Fetch error for diamanti_bluofficial : getaddrinfo ENOTFOUND www.tiktok.com[0m
[31m❌ Fetch error for followlungo : getaddrinfo ENOTFOUND www.tiktok.com[0m
[31m❌ Fetch error for greca99 : getaddrinfo ENOTFOUND www.tiktok.com[0m
[31m❌ Fetch error for fjollamorinazyrtare : getaddrinfo ENOTFOUND www.tiktok.com[0m
[31m❌ Fetch error for haverri_sp : getaddrinfo ENOTFOUND www.tiktok.com[0m
[31m❌ Fetch error for kozak696990 : getaddrinfo ENOTFOUND www.tiktok.com[0m
[31m❌ Fetch error for itskingmafia : getaddrinfo ENOTFOUND www.tiktok.com[0m
[31m❌ Fetch error for cashmoneyotr : getaddrinfo ENOTFOUND www.tiktok.com[0m
[31m❌ Fetch error for diamanti_bluofficial : getaddrinfo ENOTFOUND www.tiktok.com[0m
[31m❌ Fetch error for followlungo : getaddrinfo ENOTFOUND www.tiktok.com[0m
[31m❌ Fetch error for greca99 : getaddrinfo ENOTFOUND www.tiktok.com[0m
[31m❌ Fetch error for fjollamorinazyrtare : getaddrinfo ENOTFOUND www.tiktok.com[0m
[31m❌ Fetch error for haverri_sp : getaddrinfo ENOTFOUND www.tiktok.com[0m
[31m❌ Fetch error for kozak696990 : getaddrinfo ENOTFOUND www.tiktok.com[0m
[31m❌ Fetch error for itskingmafia : getaddrinfo ENOTFOUND www.tiktok.com[0m
[31m❌ Fetch error for cashmoneyotr : getaddrinfo ENOTFOUND www.tiktok.com[0m
[31m❌ Fetch error for diamanti_bluofficial : getaddrinfo ENOTFOUND www.tiktok.com[0m
[31m❌ Fetch error for followlungo : getaddrinfo ENOTFOUND www.tiktok.com[0m
[31m❌ Fetch error for greca99 : getaddrinfo ENOTFOUND www.tiktok.com[0m
[31m❌ Fetch error for fjollamorinazyrtare : getaddrinfo ENOTFOUND www.tiktok.com[0m
[31m❌ Fetch error for haverri_sp : getaddrinfo ENOTFOUND www.tiktok.com[0m
[31m❌ Fetch error for kozak696990 : getaddrinfo ENOTFOUND www.tiktok.com[0m
[31m❌ Fetch error for itskingmafia : getaddrinfo ENOTFOUND www.tiktok.com[0m
[31m❌ Fetch error for cashmoneyotr : getaddrinfo ENOTFOUND www.tiktok.com[0m
[31m❌ Fetch error for diamanti_bluofficial : getaddrinfo ENOTFOUND www.tiktok.com[0m
[31m❌ Fetch error for followlungo : getaddrinfo ENOTFOUND www.tiktok.com[0m
[31m❌ Fetch error for greca99 : getaddrinfo ENOTFOUND www.tiktok.com[0m
[31m❌ Fetch error for fjollamorinazyrtare : getaddrinfo ENOTFOUND www.tiktok.com[0m
[31m❌ Fetch error for haverri_sp : getaddrinfo ENOTFOUND www.tiktok.com[0m
[31m❌ Fetch error for kozak696990 : getaddrinfo ENOTFOUND www.tiktok.com[0m
[31m❌ Fetch error for itskingmafia : getaddrinfo ENOTFOUND www.tiktok.com[0m
[31m❌ Fetch error for cashmoneyotr : getaddrinfo ENOTFOUND www.tiktok.com[0m
[31m❌ Fetch error for diamanti_bluofficial : getaddrinfo ENOTFOUND www.tiktok.com[0m
[31m❌ Fetch error for followlungo : getaddrinfo ENOTFOUND www.tiktok.com[0m
[31m❌ Fetch error for greca99 : getaddrinfo ENOTFOUND www.tiktok.com[0m
[31m❌ Fetch error for fjollamorinazyrtare : getaddrinfo ENOTFOUND www.tiktok.com[0m
[31m❌ Fetch error for haverri_sp : getaddrinfo ENOTFOUND www.tiktok.com[0m
[31m❌ Fetch error for kozak696990 : getaddrinfo ENOTFOUND www.tiktok.com[0m
[31m❌ Fetch error for itskingmafia : getaddrinfo ENOTFOUND www.tiktok.com[0m
[31m❌ Fetch error for cashmoneyotr : getaddrinfo ENOTFOUND www.tiktok.com[0m
[31m❌ Fetch error for diamanti_bluofficial : getaddrinfo ENOTFOUND www.tiktok.com[0m
[31m❌ Fetch error for followlungo : getaddrinfo ENOTFOUND www.tiktok.com[0m
[31m❌ Fetch error for greca99 : getaddrinfo ENOTFOUND www.tiktok.com[0m
[31m❌ Fetch error for fjollamorinazyrtare : getaddrinfo ENOTFOUND www.tiktok.com[0m
[31m❌ Fetch error for haverri_sp : getaddrinfo ENOTFOUND www.tiktok.com[0m
[31m❌ Fetch error for kozak696990 : getaddrinfo ENOTFOUND www.tiktok.com[0m
[31m❌ Fetch error for itskingmafia : getaddrinfo ENOTFOUND www.tiktok.com[0m
[31m❌ Fetch error for cashmoneyotr : getaddrinfo ENOTFOUND www.tiktok.com[0m
[31m❌ Fetch error for diamanti_bluofficial : getaddrinfo ENOTFOUND www.tiktok.com[0m
[31m❌ Fetch error for followlungo : getaddrinfo ENOTFOUND www.tiktok.com[0m
[31m❌ Fetch error for greca99 : getaddrinfo ENOTFOUND www.tiktok.com[0m
[31m❌ Fetch error for fjollamorinazyrtare : getaddrinfo ENOTFOUND www.tiktok.com[0m
